C51 COMPILER V9.54   MAIN                                                                  05/01/2026 20:43:10 PAGE 1   


C51 COMPILER V9.54, COMPILATION OF MODULE MAIN
OBJECT MODULE PLACED IN .\Objects\main.obj
COMPILER INVOKED BY: C:\Keil_v5\C51\BIN\C51.EXE main.c OPTIMIZE(8,SPEED) BROWSE DEBUG OBJECTEXTEND PRINT(.\Listings\main
                    -.lst) TABS(2) OBJECT(.\Objects\main.obj)

line level    source

   1          #include <REGX52.H>
   2          void Delay(unsigned int xms)  
   3          { unsigned char i, j;
   4   1      while(xms--)
   5   1      {
   6   2        i = 2;
   7   2        j = 239;
   8   2        do
   9   2        {
  10   3          while (--j);
  11   3        } while (--i);
  12   2      }
  13   1      }
  14          
  15          void nex(unsigned char location,number)
  16          {   unsigned int arr[]={0x3F,0X06,0X5B,0X4F,0X66,0X6D,0X7D,0X07,0X7F,0X6F};
  17   1        switch(location)
  18   1        {
  19   2          case 1:
  20   2            P2_4=1;P2_3=1;P2_2=1;break;
  21   2          case 2:
  22   2            P2_4=1;P2_3=1;P2_2=0;break;
  23   2          case 3:
  24   2            P2_4=1;P2_3=0;P2_2=1;break;
  25   2          case 4:
  26   2            P2_4=1;P2_3=0;P2_2=0;break;
  27   2          case 5:
  28   2            P2_4=0;P2_3=1;P2_2=1;break;
  29   2          case 6:
  30   2            P2_4=0;P2_3=1;P2_2=0;break;
  31   2          case 7:
  32   2            P2_4=0;P2_3=0;P2_2=1;break;
  33   2          case 8:
  34   2            P2_4=0;P2_3=0;P2_2=0;break;
  35   2        }
  36   1          P0=arr[number];
  37   1        Delay(1);
  38   1        P0=0X00;
  39   1      }
  40          void main()
  41          {
  42   1          
  43   1        while(1)
  44   1        { nex(1,1);
  45   2      //    Delay(20);
  46   2          nex(2,2);
  47   2      //    Delay(20);
  48   2          nex(3,3);
  49   2      //    Delay(20);
  50   2          nex(4,4);
  51   2      //    Delay(20);
  52   2        
  53   2        }
  54   1      }
C51 COMPILER V9.54   MAIN                                                                  05/01/2026 20:43:10 PAGE 2   



MODULE INFORMATION:   STATIC OVERLAYABLE
   CODE SIZE        =    198    ----
   CONSTANT SIZE    =     20    ----
   XDATA SIZE       =   ----    ----
   PDATA SIZE       =   ----    ----
   DATA SIZE        =   ----      23
   IDATA SIZE       =   ----    ----
   BIT SIZE         =   ----    ----
END OF MODULE INFORMATION.


C51 COMPILATION COMPLETE.  0 WARNING(S),  0 ERROR(S)
