C51 COMPILER V9.54   MAIN                                                                  05/01/2026 15:24:51 PAGE 1   


C51 COMPILER V9.54, COMPILATION OF MODULE MAIN
OBJECT MODULE PLACED IN .\Objects\main.obj
COMPILER INVOKED BY: C:\Keil_v5\C51\BIN\C51.EXE main.c OPTIMIZE(8,SPEED) BROWSE DEBUG OBJECTEXTEND PRINT(.\Listings\main
                    -.lst) TABS(2) OBJECT(.\Objects\main.obj)

line level    source

   1          #include <REGX52.H>
   2          void Delay(unsigned int xms)    
   3          {
   4   1        unsigned char i, j;
   5   1        while(xms--)
   6   1        { i = 2;
   7   2        j = 239;
   8   2        do
   9   2        {
  10   3          while (--j);
  11   3        } while (--i);
  12   2        }
  13   1      }
  14          
  15          void main()
  16          {
  17   1        while(1)
  18   1        { 
  19   2          if(P3_1==0)
  20   2          { 
  21   3            Delay(20);
  22   3            while(P3_1==0);
  23   3            Delay(20);
  24   3            
  25   3            P2_0=~P2_0;
  26   3          }
  27   2        }
  28   1      }


MODULE INFORMATION:   STATIC OVERLAYABLE
   CODE SIZE        =     45    ----
   CONSTANT SIZE    =   ----    ----
   XDATA SIZE       =   ----    ----
   PDATA SIZE       =   ----    ----
   DATA SIZE        =   ----    ----
   IDATA SIZE       =   ----    ----
   BIT SIZE         =   ----    ----
END OF MODULE INFORMATION.


C51 COMPILATION COMPLETE.  0 WARNING(S),  0 ERROR(S)
