C51 COMPILER V9.54   MAIN                                                                  05/01/2026 17:17:40 PAGE 1   


C51 COMPILER V9.54, COMPILATION OF MODULE MAIN
OBJECT MODULE PLACED IN .\Objects\main.obj
COMPILER INVOKED BY: C:\Keil_v5\C51\BIN\C51.EXE main.c OPTIMIZE(8,SPEED) BROWSE DEBUG OBJECTEXTEND PRINT(.\Listings\main
                    -.lst) TABS(2) OBJECT(.\Objects\main.obj)

line level    source

   1          #include <REGX52.H>
   2          void Delay(unsigned int xms)    
   3          {
   4   1        unsigned char i, j;
   5   1      while(xms--)
   6   1      {
   7   2        i = 2;
   8   2        j = 239;
   9   2        do
  10   2        {
  11   3          while (--j);
  12   3        } while (--i);
  13   2      }
  14   1      }
  15          
  16          void main()
  17          {   unsigned char LEDNum =0;P2=~0X01;
  18   1        while(1)
  19   1        { 
  20   2          if(P3_1==0)
  21   2          { 
  22   3            Delay(20);
  23   3            while(P3_1==0);
  24   3            Delay(20);
  25   3            LEDNum++;
  26   3            if(LEDNum >=8)
  27   3              LEDNum =0;
  28   3            P2=~(0x01<<LEDNum);
  29   3          }
  30   2          if(P3_0==0)
  31   2          {
  32   3            Delay(20);
  33   3            while(P3_0==0);
  34   3            Delay(20);
  35   3            
  36   3            if(LEDNum ==0)
  37   3              LEDNum =7;
  38   3            else
  39   3              LEDNum--;
  40   3            P2=~(0x01<<LEDNum);
  41   3          }
  42   2        }
  43   1      }


MODULE INFORMATION:   STATIC OVERLAYABLE
   CODE SIZE        =    101    ----
   CONSTANT SIZE    =   ----    ----
   XDATA SIZE       =   ----    ----
   PDATA SIZE       =   ----    ----
   DATA SIZE        =   ----    ----
   IDATA SIZE       =   ----    ----
   BIT SIZE         =   ----    ----
END OF MODULE INFORMATION.

C51 COMPILER V9.54   MAIN                                                                  05/01/2026 17:17:40 PAGE 2   


C51 COMPILATION COMPLETE.  0 WARNING(S),  0 ERROR(S)
