C51 COMPILER V9.54   MAIN                                                                  05/01/2026 20:14:03 PAGE 1   


C51 COMPILER V9.54, COMPILATION OF MODULE MAIN
OBJECT MODULE PLACED IN .\Objects\main.obj
COMPILER INVOKED BY: C:\Keil_v5\C51\BIN\C51.EXE main.c OPTIMIZE(8,SPEED) BROWSE DEBUG OBJECTEXTEND PRINT(.\Listings\main
                    -.lst) TABS(2) OBJECT(.\Objects\main.obj)

line level    source

   1          #include <REGX52.H>
   2          void NiXie(unsigned char location,number)
   3          {unsigned int arr[]={0x3F,0X06,0X5B,0X4F,0X66,0X6D,0X7D,0X07,0X7F,0X6F};
   4   1        switch(location)
   5   1        {
   6   2          case 1:
   7   2            P2_4=1;P2_3=1;P2_2=1;break;
   8   2            case 2:
   9   2              P2_4=1;P2_3=1;P2_2=0;break;
  10   2              case 3:
  11   2                P2_4=1;P2_3=0;P2_2=1;break;
  12   2                case 4:
  13   2                  P2_4=1;P2_3=0;P2_2=0;break;
  14   2                  case 5:
  15   2                    P2_4=0;P2_3=1;P2_2=1;break;
  16   2                    case 6:
  17   2                      P2_4=0;P2_3=1;P2_2=0;break;
  18   2                      case 7:
  19   2                        P2_4=0;P2_3=0;P2_2=1;break;
  20   2                        case 8:
  21   2                          P2_4=0;P2_3=0;P2_2=0;break;
  22   2      }
  23   1        P0=arr[number];
  24   1      }
  25          
  26          void main()
  27          {
  28   1        NiXie(7,2);
  29   1        while(1)
  30   1        {
  31   2          
  32   2        }
  33   1      }


MODULE INFORMATION:   STATIC OVERLAYABLE
   CODE SIZE        =    140    ----
   CONSTANT SIZE    =     20    ----
   XDATA SIZE       =   ----    ----
   PDATA SIZE       =   ----    ----
   DATA SIZE        =   ----      23
   IDATA SIZE       =   ----    ----
   BIT SIZE         =   ----    ----
END OF MODULE INFORMATION.


C51 COMPILATION COMPLETE.  0 WARNING(S),  0 ERROR(S)
