C51 COMPILER V9.54   MAIN                                                                  05/01/2026 15:54:48 PAGE 1   


C51 COMPILER V9.54, COMPILATION OF MODULE MAIN
OBJECT MODULE PLACED IN .\Objects\main.obj
COMPILER INVOKED BY: C:\Keil_v5\C51\BIN\C51.EXE main.c OPTIMIZE(8,SPEED) BROWSE DEBUG OBJECTEXTEND PRINT(.\Listings\main
                    -.lst) TABS(2) OBJECT(.\Objects\main.obj)

line level    source

   1          #include <REGX52.H>
   2          void Delay(unsigned int xms)    
   3          {
   4   1        unsigned char i, j;
   5   1      while(xms--)
   6   1      {
   7   2        i = 2;
   8   2        j = 239;
   9   2        do
  10   2        {
  11   3          while (--j);
  12   3        } while (--i);
  13   2      }
  14   1      }
  15          
  16          void main()
  17          {unsigned char LEDNum=0;
  18   1        while(1)
  19   1        { if(P3_1==0)
  20   2          {
  21   3          Delay(20);
  22   3          while(P3_1==0);
  23   3          Delay(20);
  24   3          if(LEDNum==8)
  25   3          {
  26   4          LEDNum=0;
  27   4          }
  28   3          LEDNum++;
  29   3          P2=~LEDNum;
  30   3        }
  31   2        }
  32   1      }


MODULE INFORMATION:   STATIC OVERLAYABLE
   CODE SIZE        =     55    ----
   CONSTANT SIZE    =   ----    ----
   XDATA SIZE       =   ----    ----
   PDATA SIZE       =   ----    ----
   DATA SIZE        =   ----    ----
   IDATA SIZE       =   ----    ----
   BIT SIZE         =   ----    ----
END OF MODULE INFORMATION.


C51 COMPILATION COMPLETE.  0 WARNING(S),  0 ERROR(S)
